[Mon Mar  9 16:09:00 2026] PHP 8.4.16 Development Server (http://localhost:8000) started
[Mon Mar  9 16:09:35 2026] [::1]:58532 Accepted
[Mon Mar  9 16:09:35 2026] [::1]:58532 [200]: GET /FRONT-END/login.html
[Mon Mar  9 16:09:35 2026] [::1]:58532 Closing
[Mon Mar  9 16:09:35 2026] [::1]:58548 Accepted
[Mon Mar  9 16:09:35 2026] [::1]:58552 Accepted
[Mon Mar  9 16:09:35 2026] [::1]:58548 [200]: GET /FRONT-END/assets/css/style.css
[Mon Mar  9 16:09:35 2026] [::1]:58548 Closing
[Mon Mar  9 16:09:35 2026] [::1]:58552 [200]: GET /FRONT-END/assets/css/landing.css
[Mon Mar  9 16:09:35 2026] [::1]:58552 Closing
[Mon Mar  9 16:09:35 2026] [::1]:58556 Accepted
[Mon Mar  9 16:09:35 2026] [::1]:58556 [200]: GET /favicon.ico
[Mon Mar  9 16:09:35 2026] [::1]:58556 Closing
[Mon Mar  9 16:09:36 2026] [::1]:58568 Accepted
[Mon Mar  9 16:09:36 2026] [::1]:58568 [200]: GET /FRONT-END/login.html
[Mon Mar  9 16:09:36 2026] [::1]:58568 Closing
[Mon Mar  9 16:09:36 2026] [::1]:58576 Accepted
[Mon Mar  9 16:09:36 2026] [::1]:58576 [200]: GET /FRONT-END/assets/css/style.css
[Mon Mar  9 16:09:36 2026] [::1]:58576 Closing
[Mon Mar  9 16:09:36 2026] [::1]:58586 Accepted
[Mon Mar  9 16:09:36 2026] [::1]:58586 [200]: GET /FRONT-END/assets/css/landing.css
[Mon Mar  9 16:09:36 2026] [::1]:58586 Closing
[Mon Mar  9 16:09:36 2026] [::1]:58596 Accepted
[Mon Mar  9 16:09:36 2026] [::1]:58596 [200]: GET /favicon.ico
[Mon Mar  9 16:09:36 2026] [::1]:58596 Closing
[Mon Mar  9 16:09:36 2026] [::1]:58610 Accepted
[Mon Mar  9 16:09:36 2026] [::1]:58610 [200]: GET /FRONT-END/login.html
[Mon Mar  9 16:09:36 2026] [::1]:58610 Closing
[Mon Mar  9 16:09:36 2026] [::1]:58618 Accepted
[Mon Mar  9 16:09:36 2026] [::1]:58622 Accepted
[Mon Mar  9 16:09:36 2026] [::1]:58618 [200]: GET /FRONT-END/assets/css/style.css
[Mon Mar  9 16:09:36 2026] [::1]:58618 Closing
[Mon Mar  9 16:09:36 2026] [::1]:58622 [200]: GET /FRONT-END/assets/css/landing.css
[Mon Mar  9 16:09:36 2026] [::1]:58622 Closing
[Mon Mar  9 16:09:36 2026] [::1]:58628 Accepted
[Mon Mar  9 16:09:36 2026] [::1]:58628 [200]: GET /favicon.ico
[Mon Mar  9 16:09:36 2026] [::1]:58628 Closing
[Mon Mar  9 16:09:36 2026] [::1]:58630 Accepted
[Mon Mar  9 16:09:36 2026] [::1]:58630 [200]: GET /FRONT-END/login.html
[Mon Mar  9 16:09:36 2026] [::1]:58630 Closing
[Mon Mar  9 16:09:36 2026] [::1]:58640 Accepted
[Mon Mar  9 16:09:36 2026] [::1]:58644 Accepted
[Mon Mar  9 16:09:36 2026] [::1]:58640 [200]: GET /FRONT-END/assets/css/style.css
[Mon Mar  9 16:09:36 2026] [::1]:58640 Closing
[Mon Mar  9 16:09:36 2026] [::1]:58644 [200]: GET /FRONT-END/assets/css/landing.css
[Mon Mar  9 16:09:36 2026] [::1]:58644 Closing
[Mon Mar  9 16:09:36 2026] [::1]:58646 Accepted
[Mon Mar  9 16:09:36 2026] [::1]:58646 [200]: GET /favicon.ico
[Mon Mar  9 16:09:36 2026] [::1]:58646 Closing
[Mon Mar  9 16:16:08 2026] [::1]:48752 Accepted
[Mon Mar  9 16:16:08 2026] [::1]:48752 [200]: GET /
[Mon Mar  9 16:16:08 2026] [::1]:48752 Closing
[Mon Mar  9 16:16:08 2026] [::1]:48764 Accepted
[Mon Mar  9 16:16:08 2026] [::1]:48774 Accepted
[Mon Mar  9 16:16:08 2026] [::1]:48764 [200]: GET /assets/css/style.css
[Mon Mar  9 16:16:08 2026] [::1]:48774 [200]: GET /assets/css/landing.css
[Mon Mar  9 16:16:08 2026] [::1]:48764 Closing
[Mon Mar  9 16:16:08 2026] [::1]:48774 Closing
[Mon Mar  9 16:16:08 2026] [::1]:48776 Accepted
[Mon Mar  9 16:16:08 2026] [::1]:48776 [200]: GET /favicon.ico
[Mon Mar  9 16:16:08 2026] [::1]:48776 Closing
[Mon Mar  9 16:16:19 2026] [::1]:36500 Accepted
[Mon Mar  9 16:16:20 2026] [::1]:36500 [200]: GET /login.php
[Mon Mar  9 16:16:20 2026] [::1]:36500 Closing
[Mon Mar  9 16:16:20 2026] [::1]:36510 Accepted
[Mon Mar  9 16:16:20 2026] [::1]:36510 [200]: GET /assets/css/style.css
[Mon Mar  9 16:16:20 2026] [::1]:36510 Closing
[Mon Mar  9 16:16:20 2026] [::1]:36518 Accepted
[Mon Mar  9 16:16:20 2026] [::1]:36518 [200]: GET /assets/js/main.js
[Mon Mar  9 16:16:20 2026] [::1]:36518 Closing
[Mon Mar  9 16:16:20 2026] [::1]:36522 Accepted
[Mon Mar  9 16:16:20 2026] [::1]:36522 [200]: GET /favicon.ico
[Mon Mar  9 16:16:20 2026] [::1]:36522 Closing
[Mon Mar  9 16:16:22 2026] [::1]:56460 Accepted
[Mon Mar  9 16:16:22 2026] [::1]:56460 [200]: GET /
[Mon Mar  9 16:16:22 2026] [::1]:56460 Closing
[Mon Mar  9 16:16:22 2026] [::1]:56462 Accepted
[Mon Mar  9 16:16:22 2026] [::1]:56468 Accepted
[Mon Mar  9 16:16:22 2026] [::1]:56462 [200]: GET /favicon.ico
[Mon Mar  9 16:16:22 2026] [::1]:56462 Closing
[Mon Mar  9 16:16:26 2026] [::1]:56468 [200]: GET /register.php
[Mon Mar  9 16:16:26 2026] [::1]:56468 Closing
[Mon Mar  9 16:16:26 2026] [::1]:56472 Accepted
[Mon Mar  9 16:16:26 2026] [::1]:56472 [200]: GET /assets/css/style.css
[Mon Mar  9 16:16:26 2026] [::1]:56472 Closing
[Mon Mar  9 16:16:26 2026] [::1]:56486 Accepted
[Mon Mar  9 16:16:26 2026] [::1]:56486 [200]: GET /assets/js/main.js
[Mon Mar  9 16:16:26 2026] [::1]:56486 Closing
[Mon Mar  9 16:16:26 2026] [::1]:56494 Accepted
[Mon Mar  9 16:16:26 2026] [::1]:56494 [200]: GET /favicon.ico
[Mon Mar  9 16:16:26 2026] [::1]:56494 Closing
[Mon Mar  9 16:16:28 2026] [::1]:56506 Accepted
[Mon Mar  9 16:16:28 2026] [::1]:56506 [200]: GET /
[Mon Mar  9 16:16:28 2026] [::1]:56506 Closing
[Mon Mar  9 16:16:28 2026] [::1]:56508 Accepted
[Mon Mar  9 16:16:28 2026] [::1]:56512 Accepted
[Mon Mar  9 16:16:28 2026] [::1]:56508 [200]: GET /favicon.ico
[Mon Mar  9 16:16:28 2026] [::1]:56508 Closing
[Mon Mar  9 16:21:08 2026] [::1]:56512 Closed without sending a request; it was probably just an unused speculative preconnection
[Mon Mar  9 16:21:08 2026] [::1]:56512 Closing
[Mon Mar  9 16:24:37 2026] [::1]:51510 Accepted
[Mon Mar  9 16:24:37 2026] [::1]:51510 [200]: GET /
[Mon Mar  9 16:24:37 2026] [::1]:51510 Closing
[Mon Mar  9 16:24:37 2026] [::1]:51514 Accepted
[Mon Mar  9 16:24:37 2026] [::1]:51522 Accepted
[Mon Mar  9 16:24:37 2026] [::1]:51514 [200]: GET /assets/css/style.css
[Mon Mar  9 16:24:37 2026] [::1]:51514 Closing
[Mon Mar  9 16:24:37 2026] [::1]:51522 [200]: GET /assets/css/landing.css
[Mon Mar  9 16:24:37 2026] [::1]:51522 Closing
[Mon Mar  9 16:24:37 2026] [::1]:51538 Accepted
[Mon Mar  9 16:24:37 2026] [::1]:51538 [200]: GET /favicon.ico
[Mon Mar  9 16:24:37 2026] [::1]:51538 Closing
[Mon Mar  9 16:24:42 2026] [::1]:46598 Accepted
[Mon Mar  9 16:24:42 2026] [::1]:46598 [200]: GET /login.php
[Mon Mar  9 16:24:42 2026] [::1]:46598 Closing
[Mon Mar  9 16:24:42 2026] [::1]:46604 Accepted
[Mon Mar  9 16:24:42 2026] [::1]:46604 [200]: GET /assets/css/style.css
[Mon Mar  9 16:24:42 2026] [::1]:46604 Closing
[Mon Mar  9 16:24:42 2026] [::1]:46618 Accepted
[Mon Mar  9 16:24:42 2026] [::1]:46618 [200]: GET /assets/js/main.js
[Mon Mar  9 16:24:42 2026] [::1]:46618 Closing
[Mon Mar  9 16:24:42 2026] [::1]:46624 Accepted
[Mon Mar  9 16:24:42 2026] [::1]:46624 [200]: GET /favicon.ico
[Mon Mar  9 16:24:42 2026] [::1]:46624 Closing
[Mon Mar  9 16:24:44 2026] [::1]:46632 Accepted
[Mon Mar  9 16:24:44 2026] [::1]:46632 [200]: GET /admin/admin_login.php
[Mon Mar  9 16:24:44 2026] [::1]:46632 Closing
[Mon Mar  9 16:24:44 2026] [::1]:46638 Accepted
[Mon Mar  9 16:24:44 2026] [::1]:46638 [200]: GET /assets/css/style.css
[Mon Mar  9 16:24:44 2026] [::1]:46638 Closing
[Mon Mar  9 16:24:44 2026] [::1]:46648 Accepted
[Mon Mar  9 16:24:44 2026] [::1]:46648 [200]: GET /favicon.ico
[Mon Mar  9 16:24:44 2026] [::1]:46648 Closing
[Mon Mar  9 16:24:59 2026] [::1]:36296 Accepted
[Mon Mar  9 16:24:59 2026] PHP Fatal error:  Uncaught MongoDB\Driver\Exception\ConnectionTimeoutException: No servers yet eligible for rescan. Topology type: Single in /home/ismail/Desktop/antigraviti/civictrack/vendor/mongodb/mongodb/src/functions.php:600
Stack trace:
#0 /home/ismail/Desktop/antigraviti/civictrack/vendor/mongodb/mongodb/src/functions.php(600): MongoDB\Driver\Manager->selectServer()
#1 /home/ismail/Desktop/antigraviti/civictrack/vendor/mongodb/mongodb/src/Collection.php(676): MongoDB\select_server()
#2 /home/ismail/Desktop/antigraviti/civictrack/admin/admin_login.php(26): MongoDB\Collection->findOne()
#3 {main}
  thrown in /home/ismail/Desktop/antigraviti/civictrack/vendor/mongodb/mongodb/src/functions.php on line 600
[Mon Mar  9 16:24:59 2026] [::1]:36296 [500]: POST /admin/admin_login.php - Uncaught MongoDB\Driver\Exception\ConnectionTimeoutException: No servers yet eligible for rescan. Topology type: Single in /home/ismail/Desktop/antigraviti/civictrack/vendor/mongodb/mongodb/src/functions.php:600
Stack trace:
#0 /home/ismail/Desktop/antigraviti/civictrack/vendor/mongodb/mongodb/src/functions.php(600): MongoDB\Driver\Manager->selectServer()
#1 /home/ismail/Desktop/antigraviti/civictrack/vendor/mongodb/mongodb/src/Collection.php(676): MongoDB\select_server()
#2 /home/ismail/Desktop/antigraviti/civictrack/admin/admin_login.php(26): MongoDB\Collection->findOne()
#3 {main}
  thrown in /home/ismail/Desktop/antigraviti/civictrack/vendor/mongodb/mongodb/src/functions.php on line 600
[Mon Mar  9 16:24:59 2026] [::1]:36296 Closing
[Mon Mar  9 16:24:59 2026] [::1]:36302 Accepted
[Mon Mar  9 16:27:08 2026] [::1]:36302 Closed without sending a request; it was probably just an unused speculative preconnection
[Mon Mar  9 16:27:08 2026] [::1]:36302 Closing
[Mon Mar  9 22:09:26 2026] [::1]:36874 Accepted
[Mon Mar  9 22:09:26 2026] [::1]:36874 [302]: GET /user/submit_complaint.php
[Mon Mar  9 22:09:26 2026] [::1]:36874 Closing
[Mon Mar  9 22:09:26 2026] [::1]:36880 Accepted
[Mon Mar  9 22:09:26 2026] [::1]:36880 [200]: GET /login.php
[Mon Mar  9 22:09:26 2026] [::1]:36880 Closing
[Mon Mar  9 22:09:26 2026] [::1]:36882 Accepted
[Mon Mar  9 22:09:26 2026] [::1]:36882 [200]: GET /assets/css/style.css
[Mon Mar  9 22:09:26 2026] [::1]:36884 Accepted
[Mon Mar  9 22:09:26 2026] [::1]:36882 Closing
[Mon Mar  9 22:09:26 2026] [::1]:36884 [200]: GET /assets/js/main.js
[Mon Mar  9 22:09:26 2026] [::1]:36884 Closing
[Mon Mar  9 22:09:50 2026] [::1]:47408 Accepted
[Mon Mar  9 22:09:50 2026] PHP Fatal error:  Uncaught MongoDB\Driver\Exception\ConnectionTimeoutException: No servers yet eligible for rescan. Topology type: Single in /home/ismail/Desktop/antigraviti/civictrack/vendor/mongodb/mongodb/src/functions.php:600
Stack trace:
#0 /home/ismail/Desktop/antigraviti/civictrack/vendor/mongodb/mongodb/src/functions.php(600): MongoDB\Driver\Manager->selectServer()
#1 /home/ismail/Desktop/antigraviti/civictrack/vendor/mongodb/mongodb/src/Collection.php(676): MongoDB\select_server()
#2 /home/ismail/Desktop/antigraviti/civictrack/api/login.php(30): MongoDB\Collection->findOne()
#3 {main}
  thrown in /home/ismail/Desktop/antigraviti/civictrack/vendor/mongodb/mongodb/src/functions.php on line 600
[Mon Mar  9 22:09:50 2026] [::1]:47408 [500]: POST /api/login.php - Uncaught MongoDB\Driver\Exception\ConnectionTimeoutException: No servers yet eligible for rescan. Topology type: Single in /home/ismail/Desktop/antigraviti/civictrack/vendor/mongodb/mongodb/src/functions.php:600
Stack trace:
#0 /home/ismail/Desktop/antigraviti/civictrack/vendor/mongodb/mongodb/src/functions.php(600): MongoDB\Driver\Manager->selectServer()
#1 /home/ismail/Desktop/antigraviti/civictrack/vendor/mongodb/mongodb/src/Collection.php(676): MongoDB\select_server()
#2 /home/ismail/Desktop/antigraviti/civictrack/api/login.php(30): MongoDB\Collection->findOne()
#3 {main}
  thrown in /home/ismail/Desktop/antigraviti/civictrack/vendor/mongodb/mongodb/src/functions.php on line 600
[Mon Mar  9 22:09:50 2026] [::1]:47408 Closing
[Mon Mar  9 22:10:04 2026] [::1]:43576 Accepted
[Mon Mar  9 22:10:04 2026] PHP Fatal error:  Uncaught MongoDB\Driver\Exception\ConnectionTimeoutException: No servers yet eligible for rescan. Topology type: Single in /home/ismail/Desktop/antigraviti/civictrack/vendor/mongodb/mongodb/src/functions.php:600
Stack trace:
#0 /home/ismail/Desktop/antigraviti/civictrack/vendor/mongodb/mongodb/src/functions.php(600): MongoDB\Driver\Manager->selectServer()
#1 /home/ismail/Desktop/antigraviti/civictrack/vendor/mongodb/mongodb/src/Collection.php(676): MongoDB\select_server()
#2 /home/ismail/Desktop/antigraviti/civictrack/api/login.php(30): MongoDB\Collection->findOne()
#3 {main}
  thrown in /home/ismail/Desktop/antigraviti/civictrack/vendor/mongodb/mongodb/src/functions.php on line 600
[Mon Mar  9 22:10:04 2026] [::1]:43576 [500]: POST /api/login.php - Uncaught MongoDB\Driver\Exception\ConnectionTimeoutException: No servers yet eligible for rescan. Topology type: Single in /home/ismail/Desktop/antigraviti/civictrack/vendor/mongodb/mongodb/src/functions.php:600
Stack trace:
#0 /home/ismail/Desktop/antigraviti/civictrack/vendor/mongodb/mongodb/src/functions.php(600): MongoDB\Driver\Manager->selectServer()
#1 /home/ismail/Desktop/antigraviti/civictrack/vendor/mongodb/mongodb/src/Collection.php(676): MongoDB\select_server()
#2 /home/ismail/Desktop/antigraviti/civictrack/api/login.php(30): MongoDB\Collection->findOne()
#3 {main}
  thrown in /home/ismail/Desktop/antigraviti/civictrack/vendor/mongodb/mongodb/src/functions.php on line 600
[Mon Mar  9 22:10:04 2026] [::1]:43576 Closing
[Mon Mar  9 22:11:28 2026] [::1]:55712 Accepted
[Mon Mar  9 22:11:28 2026] [::1]:55712 [200]: GET /index.php
[Mon Mar  9 22:11:28 2026] [::1]:55712 Closing
[Mon Mar  9 22:11:28 2026] [::1]:55724 Accepted
[Mon Mar  9 22:11:28 2026] [::1]:55740 Accepted
[Mon Mar  9 22:11:28 2026] [::1]:55724 [200]: GET /assets/css/style.css
[Mon Mar  9 22:11:28 2026] [::1]:55740 [200]: GET /assets/css/landing.css
[Mon Mar  9 22:11:28 2026] [::1]:55724 Closing
[Mon Mar  9 22:11:28 2026] [::1]:55740 Closing
[Mon Mar  9 22:11:29 2026] [::1]:55752 Accepted
[Mon Mar  9 22:11:29 2026] [::1]:55752 [200]: GET /assets/images/formal-hero.png
[Mon Mar  9 22:11:29 2026] [::1]:55752 Closing
[Mon Mar  9 22:11:29 2026] [::1]:55766 Accepted
[Mon Mar  9 22:11:29 2026] [::1]:55766 [200]: GET /favicon.ico
[Mon Mar  9 22:11:29 2026] [::1]:55766 Closing
[Mon Mar  9 22:12:02 2026] [::1]:60682 Accepted
[Mon Mar  9 22:12:02 2026] [::1]:60682 [200]: GET /login.php
[Mon Mar  9 22:12:02 2026] [::1]:60682 Closing
[Mon Mar  9 22:12:02 2026] [::1]:60698 Accepted
[Mon Mar  9 22:12:02 2026] [::1]:60706 Accepted
[Mon Mar  9 22:12:02 2026] [::1]:60698 [200]: GET /assets/css/style.css
[Mon Mar  9 22:12:02 2026] [::1]:60698 Closing
[Mon Mar  9 22:12:02 2026] [::1]:60706 [200]: GET /assets/js/main.js
[Mon Mar  9 22:12:02 2026] [::1]:60706 Closing
[Mon Mar  9 22:12:02 2026] [::1]:60720 Accepted
[Mon Mar  9 22:12:02 2026] [::1]:60720 [200]: GET /favicon.ico
[Mon Mar  9 22:12:02 2026] [::1]:60720 Closing
[Mon Mar  9 22:12:09 2026] [::1]:60724 Accepted
[Mon Mar  9 22:12:09 2026] [::1]:60724 [200]: GET /index.php
[Mon Mar  9 22:12:09 2026] [::1]:60724 Closing
[Mon Mar  9 22:12:09 2026] [::1]:60726 Accepted
[Mon Mar  9 22:12:09 2026] [::1]:60740 Accepted
[Mon Mar  9 22:12:09 2026] [::1]:60726 [200]: GET /favicon.ico
[Mon Mar  9 22:12:09 2026] [::1]:60726 Closing
[Mon Mar  9 22:12:10 2026] [::1]:60740 Closed without sending a request; it was probably just an unused speculative preconnection
[Mon Mar  9 22:12:10 2026] [::1]:60740 Closing
[Mon Mar  9 22:12:26 2026] [::1]:38038 Accepted
[Mon Mar  9 22:12:26 2026] [::1]:38038 [200]: GET /login.php
[Mon Mar  9 22:12:26 2026] [::1]:38038 Closing
[Mon Mar  9 22:12:26 2026] [::1]:38054 Accepted
[Mon Mar  9 22:12:26 2026] [::1]:38056 Accepted
[Mon Mar  9 22:12:26 2026] [::1]:38054 [200]: GET /assets/css/style.css
[Mon Mar  9 22:12:26 2026] [::1]:38054 Closing
[Mon Mar  9 22:12:26 2026] [::1]:38056 [200]: GET /assets/js/main.js
[Mon Mar  9 22:12:26 2026] [::1]:38056 Closing
[Mon Mar  9 22:12:26 2026] [::1]:38066 Accepted
[Mon Mar  9 22:12:26 2026] [::1]:38066 [200]: GET /favicon.ico
[Mon Mar  9 22:12:26 2026] [::1]:38066 Closing
[Mon Mar  9 22:12:35 2026] [::1]:49190 Accepted
[Mon Mar  9 22:12:35 2026] [::1]:49190 [302]: POST /api/login.php
[Mon Mar  9 22:12:35 2026] [::1]:49190 Closing
[Mon Mar  9 22:12:35 2026] [::1]:49200 Accepted
[Mon Mar  9 22:12:35 2026] [::1]:49200 [200]: GET /user/dashboard.php
[Mon Mar  9 22:12:35 2026] [::1]:49200 Closing
[Mon Mar  9 22:12:35 2026] [::1]:49204 Accepted
[Mon Mar  9 22:12:35 2026] [::1]:49220 Accepted
[Mon Mar  9 22:12:35 2026] [::1]:49204 [200]: GET /assets/css/style.css
[Mon Mar  9 22:12:35 2026] [::1]:49222 Accepted
[Mon Mar  9 22:12:35 2026] [::1]:49204 Closing
[Mon Mar  9 22:12:35 2026] [::1]:49220 [200]: GET /assets/images/abstract-reports.png
[Mon Mar  9 22:12:35 2026] [::1]:49220 Closing
[Mon Mar  9 22:12:35 2026] [::1]:49222 [200]: GET /assets/js/main.js
[Mon Mar  9 22:12:35 2026] [::1]:49222 Closing
[Mon Mar  9 22:12:35 2026] [::1]:49238 Accepted
[Mon Mar  9 22:12:35 2026] [::1]:49238 [200]: GET /assets/images/dashboard-banner.png
[Mon Mar  9 22:12:36 2026] [::1]:49238 Closing
[Mon Mar  9 22:12:36 2026] [::1]:49250 Accepted
[Mon Mar  9 22:12:36 2026] [::1]:49250 [302]: GET /favicon.ico
[Mon Mar  9 22:12:36 2026] [::1]:49250 Closing
[Mon Mar  9 22:12:36 2026] [::1]:49260 Accepted
[Mon Mar  9 22:12:36 2026] [::1]:49260 [200]: GET /user/dashboard.php
[Mon Mar  9 22:12:36 2026] [::1]:49260 Closing
[Mon Mar  9 22:12:42 2026] [::1]:41702 Accepted
[Mon Mar  9 22:12:42 2026] [::1]:41702 [200]: GET /user/my_complaints.php?status=Resolved
[Mon Mar  9 22:12:42 2026] [::1]:41702 Closing
[Mon Mar  9 22:12:42 2026] [::1]:41710 Accepted
[Mon Mar  9 22:12:42 2026] [::1]:41712 Accepted
[Mon Mar  9 22:12:42 2026] [::1]:41710 [200]: GET /assets/css/style.css
[Mon Mar  9 22:12:42 2026] [::1]:41712 [200]: GET /assets/js/main.js
[Mon Mar  9 22:12:42 2026] [::1]:41710 Closing
[Mon Mar  9 22:12:42 2026] [::1]:41712 Closing
[Mon Mar  9 22:12:42 2026] [::1]:41714 Accepted
[Mon Mar  9 22:12:42 2026] [::1]:41714 [302]: GET /favicon.ico
[Mon Mar  9 22:12:42 2026] [::1]:41714 Closing
[Mon Mar  9 22:12:42 2026] [::1]:41718 Accepted
[Mon Mar  9 22:12:42 2026] [::1]:41718 [200]: GET /user/dashboard.php
[Mon Mar  9 22:12:42 2026] [::1]:41718 Closing
[Mon Mar  9 22:12:45 2026] [::1]:41730 Accepted
[Mon Mar  9 22:12:45 2026] [::1]:41730 [200]: GET /user/submit_complaint.php
[Mon Mar  9 22:12:45 2026] [::1]:41730 Closing
[Mon Mar  9 22:12:45 2026] [::1]:41740 Accepted
[Mon Mar  9 22:12:45 2026] [::1]:41742 Accepted
[Mon Mar  9 22:12:45 2026] [::1]:41740 [200]: GET /assets/css/style.css
[Mon Mar  9 22:12:45 2026] [::1]:41740 Closing
[Mon Mar  9 22:12:45 2026] [::1]:41742 [200]: GET /assets/js/main.js
[Mon Mar  9 22:12:45 2026] [::1]:41742 Closing
[Mon Mar  9 22:12:45 2026] [::1]:41746 Accepted
[Mon Mar  9 22:12:45 2026] [::1]:41746 [302]: GET /favicon.ico
[Mon Mar  9 22:12:45 2026] [::1]:41746 Closing
[Mon Mar  9 22:12:45 2026] [::1]:41758 Accepted
[Mon Mar  9 22:12:45 2026] [::1]:41758 [200]: GET /user/dashboard.php
[Mon Mar  9 22:12:45 2026] [::1]:41758 Closing
[Mon Mar  9 22:13:45 2026] [::1]:45348 Accepted
[Mon Mar  9 22:13:45 2026] [::1]:45348 [200]: GET /user/my_complaints.php
[Mon Mar  9 22:13:45 2026] [::1]:45348 Closing
[Mon Mar  9 22:13:45 2026] [::1]:45364 Accepted
[Mon Mar  9 22:13:45 2026] [::1]:45370 Accepted
[Mon Mar  9 22:13:45 2026] [::1]:45364 [200]: GET /assets/css/style.css
[Mon Mar  9 22:13:45 2026] [::1]:45370 [200]: GET /assets/js/main.js
[Mon Mar  9 22:13:45 2026] [::1]:45364 Closing
[Mon Mar  9 22:13:45 2026] [::1]:45370 Closing
[Mon Mar  9 22:13:45 2026] [::1]:45386 Accepted
[Mon Mar  9 22:13:45 2026] [::1]:45386 [302]: GET /favicon.ico
[Mon Mar  9 22:13:45 2026] [::1]:45386 Closing
[Mon Mar  9 22:13:45 2026] [::1]:45398 Accepted
[Mon Mar  9 22:13:45 2026] [::1]:45398 [200]: GET /user/dashboard.php
[Mon Mar  9 22:13:45 2026] [::1]:45398 Closing
[Mon Mar  9 22:13:47 2026] [::1]:45404 Accepted
[Mon Mar  9 22:13:47 2026] [::1]:45404 [200]: GET /user/dashboard.php
[Mon Mar  9 22:13:47 2026] [::1]:45404 Closing
[Mon Mar  9 22:13:47 2026] [::1]:45420 Accepted
[Mon Mar  9 22:13:47 2026] [::1]:45420 [200]: GET /assets/css/style.css
[Mon Mar  9 22:13:47 2026] [::1]:45420 Closing
[Mon Mar  9 22:13:47 2026] [::1]:45422 Accepted
[Mon Mar  9 22:13:47 2026] [::1]:45436 Accepted
[Mon Mar  9 22:13:47 2026] [::1]:45422 [200]: GET /assets/images/abstract-reports.png
[Mon Mar  9 22:13:47 2026] [::1]:45422 Closing
[Mon Mar  9 22:13:47 2026] [::1]:45436 [200]: GET /assets/js/main.js
[Mon Mar  9 22:13:47 2026] [::1]:45436 Closing
[Mon Mar  9 22:13:47 2026] [::1]:45452 Accepted
[Mon Mar  9 22:13:47 2026] [::1]:45452 [200]: GET /assets/images/dashboard-banner.png
[Mon Mar  9 22:13:47 2026] [::1]:45452 Closing
[Mon Mar  9 22:13:47 2026] [::1]:45458 Accepted
[Mon Mar  9 22:13:47 2026] [::1]:45458 [302]: GET /favicon.ico
[Mon Mar  9 22:13:47 2026] [::1]:45458 Closing
[Mon Mar  9 22:13:47 2026] [::1]:45474 Accepted
[Mon Mar  9 22:13:47 2026] [::1]:45474 [200]: GET /user/dashboard.php
[Mon Mar  9 22:13:47 2026] [::1]:45474 Closing
[Mon Mar  9 22:13:56 2026] [::1]:47692 Accepted
[Mon Mar  9 22:13:57 2026] [::1]:47692 [200]: GET /user/submit_complaint.php
[Mon Mar  9 22:13:57 2026] [::1]:47692 Closing
[Mon Mar  9 22:13:57 2026] [::1]:47706 Accepted
[Mon Mar  9 22:13:57 2026] [::1]:47710 Accepted
[Mon Mar  9 22:13:57 2026] [::1]:47706 [200]: GET /assets/css/style.css
[Mon Mar  9 22:13:57 2026] [::1]:47710 [200]: GET /assets/js/main.js
[Mon Mar  9 22:13:57 2026] [::1]:47706 Closing
[Mon Mar  9 22:13:57 2026] [::1]:47710 Closing
[Mon Mar  9 22:13:57 2026] [::1]:47718 Accepted
[Mon Mar  9 22:13:57 2026] [::1]:47718 [302]: GET /favicon.ico
[Mon Mar  9 22:13:57 2026] [::1]:47718 Closing
[Mon Mar  9 22:13:57 2026] [::1]:47734 Accepted
[Mon Mar  9 22:13:57 2026] [::1]:47734 [200]: GET /user/dashboard.php
[Mon Mar  9 22:13:57 2026] [::1]:47734 Closing
[Mon Mar  9 22:14:48 2026] [::1]:50146 Accepted
[Mon Mar  9 22:14:48 2026] [::1]:50146 [200]: GET /user/dashboard.php
[Mon Mar  9 22:14:48 2026] [::1]:50146 Closing
[Mon Mar  9 22:14:48 2026] [::1]:50156 Accepted
[Mon Mar  9 22:14:48 2026] [::1]:50156 [200]: GET /assets/css/style.css
[Mon Mar  9 22:14:48 2026] [::1]:50156 Closing
[Mon Mar  9 22:14:48 2026] [::1]:50162 Accepted
[Mon Mar  9 22:14:48 2026] [::1]:50166 Accepted
[Mon Mar  9 22:14:48 2026] [::1]:50162 [200]: GET /assets/images/abstract-reports.png
[Mon Mar  9 22:14:48 2026] [::1]:50162 Closing
[Mon Mar  9 22:14:48 2026] [::1]:50166 [200]: GET /assets/js/main.js
[Mon Mar  9 22:14:48 2026] [::1]:50166 Closing
[Mon Mar  9 22:14:48 2026] [::1]:50176 Accepted
[Mon Mar  9 22:14:48 2026] [::1]:50176 [200]: GET /assets/images/dashboard-banner.png
[Mon Mar  9 22:14:48 2026] [::1]:50176 Closing
[Mon Mar  9 22:14:49 2026] [::1]:50192 Accepted
[Mon Mar  9 22:14:49 2026] [::1]:50192 [302]: GET /favicon.ico
[Mon Mar  9 22:14:49 2026] [::1]:50192 Closing
[Mon Mar  9 22:14:49 2026] [::1]:50194 Accepted
[Mon Mar  9 22:14:49 2026] [::1]:50194 [200]: GET /user/dashboard.php
[Mon Mar  9 22:14:49 2026] [::1]:50194 Closing
[Mon Mar  9 22:14:49 2026] [::1]:50196 Accepted
[Mon Mar  9 22:14:50 2026] [::1]:50196 [200]: GET /user/submit_complaint.php
[Mon Mar  9 22:14:50 2026] [::1]:50196 Closing
[Mon Mar  9 22:14:50 2026] [::1]:50198 Accepted
[Mon Mar  9 22:14:50 2026] [::1]:50204 Accepted
[Mon Mar  9 22:14:50 2026] [::1]:50198 [200]: GET /assets/css/style.css
[Mon Mar  9 22:14:50 2026] [::1]:50198 Closing
[Mon Mar  9 22:14:50 2026] [::1]:50204 [200]: GET /assets/js/main.js
[Mon Mar  9 22:14:50 2026] [::1]:50204 Closing
[Mon Mar  9 22:14:50 2026] [::1]:50212 Accepted
[Mon Mar  9 22:14:50 2026] [::1]:50212 [302]: GET /favicon.ico
[Mon Mar  9 22:14:50 2026] [::1]:50212 Closing
[Mon Mar  9 22:14:50 2026] [::1]:50226 Accepted
[Mon Mar  9 22:14:50 2026] [::1]:50226 [200]: GET /user/dashboard.php
[Mon Mar  9 22:14:50 2026] [::1]:50226 Closing
[Mon Mar  9 22:14:50 2026] [::1]:56746 Accepted
[Mon Mar  9 22:14:51 2026] [::1]:56746 [200]: GET /user/my_complaints.php
[Mon Mar  9 22:14:51 2026] [::1]:56746 Closing
[Mon Mar  9 22:14:51 2026] [::1]:56752 Accepted
[Mon Mar  9 22:14:51 2026] [::1]:56752 [200]: GET /assets/css/style.css
[Mon Mar  9 22:14:51 2026] [::1]:56752 Closing
[Mon Mar  9 22:14:51 2026] [::1]:56754 Accepted
[Mon Mar  9 22:14:51 2026] [::1]:56754 [200]: GET /assets/js/main.js
[Mon Mar  9 22:14:51 2026] [::1]:56754 Closing
[Mon Mar  9 22:14:51 2026] [::1]:56768 Accepted
[Mon Mar  9 22:14:51 2026] [::1]:56768 [302]: GET /favicon.ico
[Mon Mar  9 22:14:51 2026] [::1]:56768 Closing
[Mon Mar  9 22:14:51 2026] [::1]:56780 Accepted
[Mon Mar  9 22:14:51 2026] [::1]:56780 [200]: GET /user/dashboard.php
[Mon Mar  9 22:14:51 2026] [::1]:56780 Closing
[Mon Mar  9 22:14:52 2026] [::1]:56794 Accepted
[Mon Mar  9 22:14:52 2026] [::1]:56794 [200]: GET /user/submit_complaint.php
[Mon Mar  9 22:14:52 2026] [::1]:56794 Closing
[Mon Mar  9 22:14:52 2026] [::1]:56796 Accepted
[Mon Mar  9 22:14:52 2026] [::1]:56798 Accepted
[Mon Mar  9 22:14:52 2026] [::1]:56796 [200]: GET /assets/css/style.css
[Mon Mar  9 22:14:52 2026] [::1]:56796 Closing
[Mon Mar  9 22:14:52 2026] [::1]:56798 [200]: GET /assets/js/main.js
[Mon Mar  9 22:14:52 2026] [::1]:56798 Closing
[Mon Mar  9 22:14:52 2026] [::1]:56814 Accepted
[Mon Mar  9 22:14:52 2026] [::1]:56814 [302]: GET /favicon.ico
[Mon Mar  9 22:14:52 2026] [::1]:56814 Closing
[Mon Mar  9 22:14:52 2026] [::1]:56824 Accepted
[Mon Mar  9 22:14:52 2026] [::1]:56824 [200]: GET /user/dashboard.php
[Mon Mar  9 22:14:52 2026] [::1]:56824 Closing
[Mon Mar  9 22:15:25 2026] [::1]:45332 Accepted
[Mon Mar  9 22:15:25 2026] [::1]:45332 [200]: GET /user/my_complaints.php
[Mon Mar  9 22:15:25 2026] [::1]:45332 Closing
[Mon Mar  9 22:15:25 2026] [::1]:45348 Accepted
[Mon Mar  9 22:15:25 2026] [::1]:45348 [200]: GET /assets/css/style.css
[Mon Mar  9 22:15:25 2026] [::1]:45348 Closing
[Mon Mar  9 22:15:25 2026] [::1]:45354 Accepted
[Mon Mar  9 22:15:25 2026] [::1]:45354 [200]: GET /assets/js/main.js
[Mon Mar  9 22:15:25 2026] [::1]:45354 Closing
[Mon Mar  9 22:15:25 2026] [::1]:45366 Accepted
[Mon Mar  9 22:15:25 2026] [::1]:45366 [302]: GET /favicon.ico
[Mon Mar  9 22:15:25 2026] [::1]:45366 Closing
[Mon Mar  9 22:15:25 2026] [::1]:45378 Accepted
[Mon Mar  9 22:15:25 2026] [::1]:45378 [200]: GET /user/dashboard.php
[Mon Mar  9 22:15:25 2026] [::1]:45378 Closing
[Mon Mar  9 22:15:33 2026] [::1]:39680 Accepted
[Mon Mar  9 22:15:33 2026] [::1]:39680 [200]: GET /user/submit_complaint.php
[Mon Mar  9 22:15:33 2026] [::1]:39680 Closing
[Mon Mar  9 22:15:33 2026] [::1]:39696 Accepted
[Mon Mar  9 22:15:34 2026] [::1]:39698 Accepted
[Mon Mar  9 22:15:34 2026] [::1]:39696 [200]: GET /assets/css/style.css
[Mon Mar  9 22:15:34 2026] [::1]:39696 Closing
[Mon Mar  9 22:15:34 2026] [::1]:39698 [200]: GET /assets/js/main.js
[Mon Mar  9 22:15:34 2026] [::1]:39698 Closing
[Mon Mar  9 22:15:34 2026] [::1]:39704 Accepted
[Mon Mar  9 22:15:34 2026] [::1]:39704 [302]: GET /favicon.ico
[Mon Mar  9 22:15:34 2026] [::1]:39704 Closing
[Mon Mar  9 22:15:34 2026] [::1]:39714 Accepted
[Mon Mar  9 22:15:34 2026] [::1]:39714 [200]: GET /user/dashboard.php
[Mon Mar  9 22:15:34 2026] [::1]:39714 Closing
[Mon Mar  9 22:21:31 2026] [::1]:55284 Accepted
[Mon Mar  9 22:21:31 2026] [::1]:55284 [200]: GET /user/submit_complaint.php
[Mon Mar  9 22:21:31 2026] [::1]:55284 Closing
[Mon Mar  9 22:21:31 2026] [::1]:55286 Accepted
[Mon Mar  9 22:21:31 2026] [::1]:55286 [200]: GET /assets/css/style.css
[Mon Mar  9 22:21:31 2026] [::1]:55286 Closing
[Mon Mar  9 22:21:31 2026] [::1]:55292 Accepted
[Mon Mar  9 22:21:31 2026] [::1]:55292 [200]: GET /assets/js/main.js
[Mon Mar  9 22:21:31 2026] [::1]:55292 Closing
[Mon Mar  9 22:21:36 2026] [::1]:55294 Accepted
[Mon Mar  9 22:21:36 2026] [::1]:55294 [302]: GET /favicon.ico
[Mon Mar  9 22:21:36 2026] [::1]:55294 Closing
[Mon Mar  9 22:21:36 2026] [::1]:55310 Accepted
[Mon Mar  9 22:21:36 2026] [::1]:55310 [200]: GET /user/dashboard.php
[Mon Mar  9 22:21:36 2026] [::1]:55310 Closing
[Mon Mar  9 22:28:08 2026] [::1]:53842 Accepted
[Mon Mar  9 22:28:08 2026] [::1]:53842 [200]: GET /user/my_complaints.php
[Mon Mar  9 22:28:08 2026] [::1]:53842 Closing
[Mon Mar  9 22:28:08 2026] [::1]:53844 Accepted
[Mon Mar  9 22:28:08 2026] [::1]:53844 [200]: GET /assets/css/style.css
[Mon Mar  9 22:28:08 2026] [::1]:53844 Closing
[Mon Mar  9 22:28:08 2026] [::1]:53860 Accepted
[Mon Mar  9 22:28:08 2026] [::1]:53860 [200]: GET /assets/js/main.js
[Mon Mar  9 22:28:08 2026] [::1]:53860 Closing
[Mon Mar  9 22:28:08 2026] [::1]:53872 Accepted
[Mon Mar  9 22:28:08 2026] [::1]:53872 [302]: GET /favicon.ico
[Mon Mar  9 22:28:08 2026] [::1]:53872 Closing
[Mon Mar  9 22:28:08 2026] [::1]:53882 Accepted
[Mon Mar  9 22:28:08 2026] [::1]:53882 [200]: GET /user/dashboard.php
[Mon Mar  9 22:28:08 2026] [::1]:53882 Closing
[Mon Mar  9 22:28:12 2026] [::1]:35340 Accepted
[Mon Mar  9 22:28:12 2026] [::1]:35340 [200]: GET /user/dashboard.php
[Mon Mar  9 22:28:12 2026] [::1]:35340 Closing
[Mon Mar  9 22:28:12 2026] [::1]:35352 Accepted
[Mon Mar  9 22:28:12 2026] [::1]:35352 [200]: GET /assets/css/style.css
[Mon Mar  9 22:28:12 2026] [::1]:35352 Closing
[Mon Mar  9 22:28:12 2026] [::1]:35364 Accepted
[Mon Mar  9 22:28:12 2026] [::1]:35372 Accepted
[Mon Mar  9 22:28:12 2026] [::1]:35364 [200]: GET /assets/images/abstract-reports.png
[Mon Mar  9 22:28:12 2026] [::1]:35372 [200]: GET /assets/js/main.js
[Mon Mar  9 22:28:12 2026] [::1]:35372 Closing
[Mon Mar  9 22:28:12 2026] [::1]:35364 Closing
[Mon Mar  9 22:28:12 2026] [::1]:35374 Accepted
[Mon Mar  9 22:28:12 2026] [::1]:35374 [200]: GET /assets/images/dashboard-banner.png
[Mon Mar  9 22:28:12 2026] [::1]:35374 Closing
[Mon Mar  9 22:28:13 2026] [::1]:35378 Accepted
[Mon Mar  9 22:28:13 2026] [::1]:35378 [302]: GET /favicon.ico
[Mon Mar  9 22:28:13 2026] [::1]:35378 Closing
[Mon Mar  9 22:28:13 2026] [::1]:35384 Accepted
[Mon Mar  9 22:28:13 2026] [::1]:35384 [200]: GET /user/dashboard.php
[Mon Mar  9 22:28:13 2026] [::1]:35384 Closing
[Mon Mar  9 22:28:14 2026] [::1]:35392 Accepted
[Mon Mar  9 22:28:14 2026] [::1]:35392 [200]: GET /user/submit_complaint.php
[Mon Mar  9 22:28:14 2026] [::1]:35392 Closing
[Mon Mar  9 22:28:14 2026] [::1]:35404 Accepted
[Mon Mar  9 22:28:14 2026] [::1]:35412 Accepted
[Mon Mar  9 22:28:14 2026] [::1]:35404 [200]: GET /assets/css/style.css
[Mon Mar  9 22:28:14 2026] [::1]:35404 Closing
[Mon Mar  9 22:28:14 2026] [::1]:35412 [200]: GET /assets/js/main.js
[Mon Mar  9 22:28:14 2026] [::1]:35412 Closing
[Mon Mar  9 22:28:15 2026] [::1]:35414 Accepted
[Mon Mar  9 22:28:15 2026] [::1]:35414 [302]: GET /favicon.ico
[Mon Mar  9 22:28:15 2026] [::1]:35414 Closing
[Mon Mar  9 22:28:15 2026] [::1]:35422 Accepted
[Mon Mar  9 22:28:15 2026] [::1]:35422 [200]: GET /user/dashboard.php
[Mon Mar  9 22:28:15 2026] [::1]:35422 Closing
[Mon Mar  9 22:32:43 2026] [::1]:42502 Accepted
[Mon Mar  9 22:32:43 2026] [::1]:42512 Accepted
[Mon Mar  9 22:32:43 2026] [::1]:42502 [200]: GET /user/submit_complaint.php
[Mon Mar  9 22:32:43 2026] [::1]:42502 Closing
[Mon Mar  9 22:32:43 2026] [::1]:42512 [200]: GET /assets/css/style.css
[Mon Mar  9 22:32:43 2026] [::1]:42512 Closing
[Mon Mar  9 22:32:43 2026] [::1]:42514 Accepted
[Mon Mar  9 22:32:43 2026] [::1]:42514 [200]: GET /assets/js/main.js
[Mon Mar  9 22:32:43 2026] [::1]:42514 Closing
[Mon Mar  9 22:32:43 2026] [::1]:42516 Accepted
[Mon Mar  9 22:32:43 2026] [::1]:42516 [302]: GET /favicon.ico
[Mon Mar  9 22:32:43 2026] [::1]:42516 Closing
[Mon Mar  9 22:32:43 2026] [::1]:42524 Accepted
[Mon Mar  9 22:32:43 2026] [::1]:42524 [200]: GET /user/dashboard.php
[Mon Mar  9 22:32:43 2026] [::1]:42524 Closing
[Mon Mar  9 22:34:13 2026] [::1]:32862 Accepted
[Mon Mar  9 22:34:13 2026] [::1]:32862 [200]: GET /user/my_complaints.php
[Mon Mar  9 22:34:13 2026] [::1]:32862 Closing
[Mon Mar  9 22:34:13 2026] [::1]:32874 Accepted
[Mon Mar  9 22:34:13 2026] [::1]:32874 [200]: GET /assets/css/style.css
[Mon Mar  9 22:34:13 2026] [::1]:32874 Closing
[Mon Mar  9 22:34:13 2026] [::1]:32880 Accepted
[Mon Mar  9 22:34:13 2026] [::1]:32880 [200]: GET /assets/js/main.js
[Mon Mar  9 22:34:13 2026] [::1]:32880 Closing
[Mon Mar  9 22:34:14 2026] [::1]:32888 Accepted
[Mon Mar  9 22:34:14 2026] [::1]:32888 [302]: GET /favicon.ico
[Mon Mar  9 22:34:14 2026] [::1]:32888 Closing
[Mon Mar  9 22:34:14 2026] [::1]:32902 Accepted
[Mon Mar  9 22:34:14 2026] [::1]:32902 [200]: GET /user/dashboard.php
[Mon Mar  9 22:34:14 2026] [::1]:32902 Closing
[Mon Mar  9 22:34:20 2026] [::1]:51480 Accepted
[Mon Mar  9 22:34:20 2026] [::1]:51480 [302]: GET /logout.php
[Mon Mar  9 22:34:20 2026] [::1]:51480 Closing
[Mon Mar  9 22:34:20 2026] [::1]:51482 Accepted
[Mon Mar  9 22:34:20 2026] [::1]:51482 [200]: GET /login.php?logout=1
[Mon Mar  9 22:34:20 2026] [::1]:51482 Closing
[Mon Mar  9 22:34:20 2026] [::1]:51490 Accepted
[Mon Mar  9 22:34:20 2026] [::1]:51490 [200]: GET /assets/css/style.css
[Mon Mar  9 22:34:20 2026] [::1]:51490 Closing
[Mon Mar  9 22:34:20 2026] [::1]:51492 Accepted
[Mon Mar  9 22:34:20 2026] [::1]:51492 [200]: GET /assets/js/main.js
[Mon Mar  9 22:34:20 2026] [::1]:51492 Closing
[Mon Mar  9 22:34:20 2026] [::1]:51506 Accepted
[Mon Mar  9 22:34:20 2026] [::1]:51506 [200]: GET /favicon.ico
[Mon Mar  9 22:34:20 2026] [::1]:51506 Closing
[Mon Mar  9 22:34:33 2026] [::1]:57988 Accepted
[Mon Mar  9 22:34:34 2026] [::1]:57988 [302]: POST /api/login.php
[Mon Mar  9 22:34:34 2026] [::1]:57988 Closing
[Mon Mar  9 22:34:34 2026] [::1]:57992 Accepted
[Mon Mar  9 22:34:34 2026] [::1]:57992 [200]: GET /user/dashboard.php
[Mon Mar  9 22:34:34 2026] [::1]:57992 Closing
[Mon Mar  9 22:34:34 2026] [::1]:58000 Accepted
[Mon Mar  9 22:34:34 2026] [::1]:58000 [200]: GET /assets/css/style.css
[Mon Mar  9 22:34:34 2026] [::1]:58000 Closing
[Mon Mar  9 22:34:34 2026] [::1]:58012 Accepted
[Mon Mar  9 22:34:34 2026] [::1]:58014 Accepted
[Mon Mar  9 22:34:34 2026] [::1]:58012 [200]: GET /assets/images/abstract-reports.png
[Mon Mar  9 22:34:34 2026] [::1]:58012 Closing
[Mon Mar  9 22:34:34 2026] [::1]:58014 [200]: GET /assets/js/main.js
[Mon Mar  9 22:34:34 2026] [::1]:58014 Closing
[Mon Mar  9 22:34:34 2026] [::1]:58016 Accepted
[Mon Mar  9 22:34:34 2026] [::1]:58016 [200]: GET /assets/images/dashboard-banner.png
[Mon Mar  9 22:34:34 2026] [::1]:58016 Closing
[Mon Mar  9 22:34:34 2026] [::1]:58032 Accepted
[Mon Mar  9 22:34:34 2026] [::1]:58032 [302]: GET /favicon.ico
[Mon Mar  9 22:34:34 2026] [::1]:58032 Closing
[Mon Mar  9 22:34:34 2026] [::1]:58036 Accepted
[Mon Mar  9 22:34:34 2026] [::1]:58036 [200]: GET /user/dashboard.php
[Mon Mar  9 22:34:34 2026] [::1]:58036 Closing
[Mon Mar  9 22:34:49 2026] [::1]:56116 Accepted
[Mon Mar  9 22:34:49 2026] [::1]:56116 [200]: GET /user/my_complaints.php
[Mon Mar  9 22:34:49 2026] [::1]:56116 Closing
[Mon Mar  9 22:34:49 2026] [::1]:56132 Accepted
[Mon Mar  9 22:34:49 2026] [::1]:56132 [200]: GET /assets/css/style.css
[Mon Mar  9 22:34:49 2026] [::1]:56132 Closing
[Mon Mar  9 22:34:49 2026] [::1]:56138 Accepted
[Mon Mar  9 22:34:49 2026] [::1]:56138 [200]: GET /assets/js/main.js
[Mon Mar  9 22:34:49 2026] [::1]:56138 Closing
[Mon Mar  9 22:34:49 2026] [::1]:56144 Accepted
[Mon Mar  9 22:34:49 2026] [::1]:56144 [302]: GET /favicon.ico
[Mon Mar  9 22:34:49 2026] [::1]:56144 Closing
[Mon Mar  9 22:34:49 2026] [::1]:56152 Accepted
[Mon Mar  9 22:34:49 2026] [::1]:56152 [200]: GET /user/dashboard.php
[Mon Mar  9 22:34:49 2026] [::1]:56152 Closing
[Mon Mar  9 22:34:51 2026] [::1]:56154 Accepted
[Mon Mar  9 22:34:51 2026] [::1]:56154 [200]: GET /user/submit_complaint.php
[Mon Mar  9 22:34:51 2026] [::1]:56154 Closing
[Mon Mar  9 22:34:51 2026] [::1]:56156 Accepted
[Mon Mar  9 22:34:51 2026] [::1]:56160 Accepted
[Mon Mar  9 22:34:52 2026] [::1]:56156 [200]: GET /assets/css/style.css
[Mon Mar  9 22:34:52 2026] [::1]:56156 Closing
[Mon Mar  9 22:34:52 2026] [::1]:56160 [200]: GET /assets/js/main.js
[Mon Mar  9 22:34:52 2026] [::1]:56160 Closing
[Mon Mar  9 22:34:52 2026] [::1]:56172 Accepted
[Mon Mar  9 22:34:52 2026] [::1]:56172 [302]: GET /favicon.ico
[Mon Mar  9 22:34:52 2026] [::1]:56172 Closing
[Mon Mar  9 22:34:52 2026] [::1]:56176 Accepted
[Mon Mar  9 22:34:52 2026] [::1]:56176 [200]: GET /user/dashboard.php
[Mon Mar  9 22:34:52 2026] [::1]:56176 Closing
[Mon Mar  9 22:37:23 2026] [::1]:58198 Accepted
[Mon Mar  9 22:37:23 2026] [::1]:58198 [200]: GET /user/submit_complaint.php
[Mon Mar  9 22:37:23 2026] [::1]:58198 Closing
[Mon Mar  9 22:37:23 2026] [::1]:58204 Accepted
[Mon Mar  9 22:37:23 2026] [::1]:58214 Accepted
[Mon Mar  9 22:37:23 2026] [::1]:58204 [200]: GET /assets/css/style.css
[Mon Mar  9 22:37:23 2026] [::1]:58204 Closing
[Mon Mar  9 22:37:23 2026] [::1]:58214 [200]: GET /assets/js/main.js
[Mon Mar  9 22:37:23 2026] [::1]:58214 Closing
[Mon Mar  9 22:37:23 2026] [::1]:58218 Accepted
[Mon Mar  9 22:37:23 2026] [::1]:58218 [302]: GET /favicon.ico
[Mon Mar  9 22:37:23 2026] [::1]:58218 Closing
[Mon Mar  9 22:37:23 2026] [::1]:58228 Accepted
[Mon Mar  9 22:37:23 2026] [::1]:58228 [200]: GET /user/dashboard.php
[Mon Mar  9 22:37:23 2026] [::1]:58228 Closing
